<?xml version="1.0" encoding="UTF-8"?>
<testsuite name="com.calculator.CalculatorTest" tests="4" skipped="0" failures="0" errors="0" timestamp="2024-09-18T09:47:01" hostname="DILRUBA-DEV" time="22.061">
  <properties/>
  <testcase name="addShouldSucceed" classname="com.calculator.CalculatorTest" time="5.774"/>
  <testcase name="divisonShouldSucceed" classname="com.calculator.CalculatorTest" time="4.618"/>
  <testcase name="multiplicationShouldSucceed" classname="com.calculator.CalculatorTest" time="5.515"/>
  <testcase name="subtractShouldSucceed" classname="com.calculator.CalculatorTest" time="6.144"/>
  <system-out><![CDATA[]]></system-out>
  <system-err><![CDATA[]]></system-err>
</testsuite>
